{"name": "test_home", "status": "broken", "statusDetails": {"message": "selenium.common.exceptions.NoSuchWindowException: Message: no such window: target window already closed\nfrom unknown error: web view not found\n  (Session info: chrome=88.0.4324.150)\nStacktrace:\n0   chromedriver                        0x0000000105d63e09 chromedriver + 2641417\n1   chromedriver                        0x00000001063ef4b3 chromedriver + 9503923\n2   chromedriver                        0x0000000105b069b3 chromedriver + 162227\n3   chromedriver                        0x0000000105aeb2df chromedriver + 49887\n4   chromedriver                        0x0000000105b54cc9 chromedriver + 482505\n5   chromedriver                        0x0000000105b60ee2 chromedriver + 532194\n6   chromedriver                        0x0000000105b52553 chromedriver + 472403\n7   chromedriver                        0x0000000105b2cae4 chromedriver + 318180\n8   chromedriver                        0x0000000105b2da87 chromedriver + 322183\n9   chromedriver                        0x0000000105d33ab9 chromedriver + 2443961\n10  chromedriver                        0x0000000105d4089f chromedriver + 2496671\n11  chromedriver                        0x0000000105d4055b chromedriver + 2495835\n12  chromedriver                        0x0000000105d1a4c5 chromedriver + 2340037\n13  chromedriver                        0x0000000105d4147f chromedriver + 2499711\n14  chromedriver                        0x0000000105d29049 chromedriver + 2400329\n15  chromedriver                        0x0000000105d5833f chromedriver + 2593599\n16  chromedriver                        0x0000000105d69523 chromedriver + 2663715\n17  libsystem_pthread.dylib             0x00007fff6f522109 _pthread_start + 148\n18  libsystem_pthread.dylib             0x00007fff6f51db8b thread_start + 15", "trace": "request = <SubRequest 'test_setup' for <Function test_login>>\n\n    @pytest.fixture(scope='class')\n    def test_setup(request):\n        from selenium import webdriver\n        driver = webdriver.Chrome(\"/Users/akshaykalyanashetti/Downloads/chromedriver\")\n        driver.get(\"https://app.saveo.in\")\n        driver.implicitly_wait(30)\n>       driver.maximize_window()\n\nconftest.py:10: \n_ _ _ _ _ _ _ _ _ _ _ _ _ _ _ _ _ _ _ _ _ _ _ _ _ _ _ _ _ _ _ _ _ _ _ _ _ _ _ _ _ _ _ _ _ _ _ _ _ _ _ _ _ _ _ _ _ _ _ _ _ _ _ _ _ _ _ _ _ _ _ _ _ _ _ _ _ _ _ _ _ _ _ _ _ _ _ _\n/Library/Python/3.8/site-packages/selenium/webdriver/remote/webdriver.py:821: in maximize_window\n    self.execute(command, params)\n/Library/Python/3.8/site-packages/selenium/webdriver/remote/webdriver.py:338: in execute\n    self.error_handler.check_response(response)\n_ _ _ _ _ _ _ _ _ _ _ _ _ _ _ _ _ _ _ _ _ _ _ _ _ _ _ _ _ _ _ _ _ _ _ _ _ _ _ _ _ _ _ _ _ _ _ _ _ _ _ _ _ _ _ _ _ _ _ _ _ _ _ _ _ _ _ _ _ _ _ _ _ _ _ _ _ _ _ _ _ _ _ _ _ _ _ _\n\nself = <selenium.webdriver.remote.errorhandler.ErrorHandler object at 0x1034ee220>\nresponse = {'status': 404, 'value': '{\"value\":{\"error\":\"no such window\",\"message\":\"no such window: target window already closed\\\\...fff6f522109 _pthread_start + 148\\\\n18  libsystem_pthread.dylib             0x00007fff6f51db8b thread_start + 15\\\\n\"}}'}\n\n    def check_response(self, response):\n        \"\"\"\n        Checks that a JSON response from the WebDriver does not have an error.\n    \n        :Args:\n         - response - The JSON response from the WebDriver server as a dictionary\n           object.\n    \n        :Raises: If the response contains an error message.\n        \"\"\"\n        status = response.get('status', None)\n        if status is None or status == ErrorCode.SUCCESS:\n            return\n        value = None\n        message = response.get(\"message\", \"\")\n        screen = response.get(\"screen\", \"\")\n        stacktrace = None\n        if isinstance(status, int):\n            value_json = response.get('value', None)\n            if value_json and isinstance(value_json, basestring):\n                import json\n                try:\n                    value = json.loads(value_json)\n                    if len(value.keys()) == 1:\n                        value = value['value']\n                    status = value.get('error', None)\n                    if status is None:\n                        status = value[\"status\"]\n                        message = value[\"value\"]\n                        if not isinstance(message, basestring):\n                            value = message\n                            message = message.get('message')\n                    else:\n                        message = value.get('message', None)\n                except ValueError:\n                    pass\n    \n        if status in ErrorCode.NO_SUCH_ELEMENT:\n            exception_class = NoSuchElementException\n        elif status in ErrorCode.NO_SUCH_FRAME:\n            exception_class = NoSuchFrameException\n        elif status in ErrorCode.NO_SUCH_WINDOW:\n            exception_class = NoSuchWindowException\n        elif status in ErrorCode.STALE_ELEMENT_REFERENCE:\n            exception_class = StaleElementReferenceException\n        elif status in ErrorCode.ELEMENT_NOT_VISIBLE:\n            exception_class = ElementNotVisibleException\n        elif status in ErrorCode.INVALID_ELEMENT_STATE:\n            exception_class = InvalidElementStateException\n        elif status in ErrorCode.INVALID_SELECTOR \\\n                or status in ErrorCode.INVALID_XPATH_SELECTOR \\\n                or status in ErrorCode.INVALID_XPATH_SELECTOR_RETURN_TYPER:\n            exception_class = InvalidSelectorException\n        elif status in ErrorCode.ELEMENT_IS_NOT_SELECTABLE:\n            exception_class = ElementNotSelectableException\n        elif status in ErrorCode.ELEMENT_NOT_INTERACTABLE:\n            exception_class = ElementNotInteractableException\n        elif status in ErrorCode.INVALID_COOKIE_DOMAIN:\n            exception_class = InvalidCookieDomainException\n        elif status in ErrorCode.UNABLE_TO_SET_COOKIE:\n            exception_class = UnableToSetCookieException\n        elif status in ErrorCode.TIMEOUT:\n            exception_class = TimeoutException\n        elif status in ErrorCode.SCRIPT_TIMEOUT:\n            exception_class = TimeoutException\n        elif status in ErrorCode.UNKNOWN_ERROR:\n            exception_class = WebDriverException\n        elif status in ErrorCode.UNEXPECTED_ALERT_OPEN:\n            exception_class = UnexpectedAlertPresentException\n        elif status in ErrorCode.NO_ALERT_OPEN:\n            exception_class = NoAlertPresentException\n        elif status in ErrorCode.IME_NOT_AVAILABLE:\n            exception_class = ImeNotAvailableException\n        elif status in ErrorCode.IME_ENGINE_ACTIVATION_FAILED:\n            exception_class = ImeActivationFailedException\n        elif status in ErrorCode.MOVE_TARGET_OUT_OF_BOUNDS:\n            exception_class = MoveTargetOutOfBoundsException\n        elif status in ErrorCode.JAVASCRIPT_ERROR:\n            exception_class = JavascriptException\n        elif status in ErrorCode.SESSION_NOT_CREATED:\n            exception_class = SessionNotCreatedException\n        elif status in ErrorCode.INVALID_ARGUMENT:\n            exception_class = InvalidArgumentException\n        elif status in ErrorCode.NO_SUCH_COOKIE:\n            exception_class = NoSuchCookieException\n        elif status in ErrorCode.UNABLE_TO_CAPTURE_SCREEN:\n            exception_class = ScreenshotException\n        elif status in ErrorCode.ELEMENT_CLICK_INTERCEPTED:\n            exception_class = ElementClickInterceptedException\n        elif status in ErrorCode.INSECURE_CERTIFICATE:\n            exception_class = InsecureCertificateException\n        elif status in ErrorCode.INVALID_COORDINATES:\n            exception_class = InvalidCoordinatesException\n        elif status in ErrorCode.INVALID_SESSION_ID:\n            exception_class = InvalidSessionIdException\n        elif status in ErrorCode.UNKNOWN_METHOD:\n            exception_class = UnknownMethodException\n        else:\n            exception_class = WebDriverException\n        if value == '' or value is None:\n            value = response['value']\n        if isinstance(value, basestring):\n            raise exception_class(value)\n        if message == \"\" and 'message' in value:\n            message = value['message']\n    \n        screen = None\n        if 'screen' in value:\n            screen = value['screen']\n    \n        stacktrace = None\n        st_value = value.get('stackTrace') or value.get('stacktrace')\n        if st_value:\n            if isinstance(st_value, basestring):\n                stacktrace = st_value.split('\\n')\n            else:\n                stacktrace = []\n                try:\n                    for frame in st_value:\n                        line = self._value_or_default(frame, 'lineNumber', '')\n                        file = self._value_or_default(frame, 'fileName', '<anonymous>')\n                        if line:\n                            file = \"%s:%s\" % (file, line)\n                        meth = self._value_or_default(frame, 'methodName', '<anonymous>')\n                        if 'className' in frame:\n                            meth = \"%s.%s\" % (frame['className'], meth)\n                        msg = \"    at %s (%s)\"\n                        msg = msg % (meth, file)\n                        stacktrace.append(msg)\n                except TypeError:\n                    pass\n        if exception_class == UnexpectedAlertPresentException:\n            alert_text = None\n            if 'data' in value:\n                alert_text = value['data'].get('text')\n            elif 'alert' in value:\n                alert_text = value['alert'].get('text')\n            raise exception_class(message, screen, stacktrace, alert_text)\n>       raise exception_class(message, screen, stacktrace)\nE       selenium.common.exceptions.NoSuchWindowException: Message: no such window: target window already closed\nE       from unknown error: web view not found\nE         (Session info: chrome=88.0.4324.150)\nE       Stacktrace:\nE       0   chromedriver                        0x0000000105d63e09 chromedriver + 2641417\nE       1   chromedriver                        0x00000001063ef4b3 chromedriver + 9503923\nE       2   chromedriver                        0x0000000105b069b3 chromedriver + 162227\nE       3   chromedriver                        0x0000000105aeb2df chromedriver + 49887\nE       4   chromedriver                        0x0000000105b54cc9 chromedriver + 482505\nE       5   chromedriver                        0x0000000105b60ee2 chromedriver + 532194\nE       6   chromedriver                        0x0000000105b52553 chromedriver + 472403\nE       7   chromedriver                        0x0000000105b2cae4 chromedriver + 318180\nE       8   chromedriver                        0x0000000105b2da87 chromedriver + 322183\nE       9   chromedriver                        0x0000000105d33ab9 chromedriver + 2443961\nE       10  chromedriver                        0x0000000105d4089f chromedriver + 2496671\nE       11  chromedriver                        0x0000000105d4055b chromedriver + 2495835\nE       12  chromedriver                        0x0000000105d1a4c5 chromedriver + 2340037\nE       13  chromedriver                        0x0000000105d4147f chromedriver + 2499711\nE       14  chromedriver                        0x0000000105d29049 chromedriver + 2400329\nE       15  chromedriver                        0x0000000105d5833f chromedriver + 2593599\nE       16  chromedriver                        0x0000000105d69523 chromedriver + 2663715\nE       17  libsystem_pthread.dylib             0x00007fff6f522109 _pthread_start + 148\nE       18  libsystem_pthread.dylib             0x00007fff6f51db8b thread_start + 15\n\n/Library/Python/3.8/site-packages/selenium/webdriver/remote/errorhandler.py:240: NoSuchWindowException"}, "start": 1613497856492, "stop": 1613497856492, "uuid": "412ec779-6fd4-4e6c-95e0-1c3f402473bb", "historyId": "350fc0f0590a7efd5e4f69a92a662c84", "testCaseId": "60d1d8e2cd49bba819dd73a8f525cdf5", "fullName": "TestCss.test_actilgin.TestLogin#test_home", "labels": [{"name": "tag", "value": "@pytest.mark.usefixtures('test_setup')"}, {"name": "parentSuite", "value": "TestCss"}, {"name": "suite", "value": "test_actilgin"}, {"name": "subSuite", "value": "TestLogin"}, {"name": "host", "value": "Akshays-MacBook-Air.local"}, {"name": "thread", "value": "19855-MainThread"}, {"name": "framework", "value": "pytest"}, {"name": "language", "value": "cpython3"}, {"name": "package", "value": "TestCss.test_actilgin"}]}